Determining if the include file pthread.h exists failed with the following output:
Change Dir: C:/Users/naomi/Documents/GitHub/CG-HW/CG_homework1/CG_homework1/build/CMakeFiles/CMakeTmp

Run Build Command(s):C:/Program Files (x86)/Microsoft Visual Studio/2019/Community/MSBuild/Current/Bin/MSBuild.exe cmTC_28f47.vcxproj /p:Configuration=Debug /p:Platform=Win32 /p:VisualStudioVersion=16.0 /v:m && Microsoft (R) Build Engine version 16.7.0+b89cb5fde for .NET Framework
Copyright (C) Microsoft Corporation. All rights reserved.

  Microsoft (R) C/C++ Optimizing Compiler Version 19.27.29111 for x86
  CheckIncludeFile.c
  Copyright (C) Microsoft Corporation.  All rights reserved.
  cl /c /Zi /W1 /WX- /diagnostics:column /Od /Ob0 /Oy- /D WIN32 /D _WINDOWS /D "CMAKE_INTDIR=\"Debug\"" /D _MBCS /Gm- /RTC1 /MDd /GS /fp:precise /Zc:wchar_t /Zc:forScope /Zc:inline /Fo"cmTC_28f47.dir\Debug\\" /Fd"cmTC_28f47.dir\Debug\vc142.pdb" /Gd /TC /analyze- /errorReport:queue "C:\Users\naomi\Documents\GitHub\CG-HW\CG_homework1\CG_homework1\build\CMakeFiles\CMakeTmp\CheckIncludeFile.c"
C:\Users\naomi\Documents\GitHub\CG-HW\CG_homework1\CG_homework1\build\CMakeFiles\CMakeTmp\CheckIncludeFile.c(1,10): fatal error C1083: Cannot open include file: 'pthread.h': No such file or directory [C:\Users\naomi\Documents\GitHub\CG-HW\CG_homework1\CG_homework1\build\CMakeFiles\CMakeTmp\cmTC_28f47.vcxproj]



Determining size of off64_t failed with the following output:
Change Dir: C:/Users/naomi/Documents/GitHub/CG-HW/CG_homework1/CG_homework1/build/CMakeFiles/CMakeTmp

Run Build Command(s):C:/Program Files (x86)/Microsoft Visual Studio/2019/Community/MSBuild/Current/Bin/MSBuild.exe cmTC_d5393.vcxproj /p:Configuration=Debug /p:Platform=Win32 /p:VisualStudioVersion=16.0 /v:m && Microsoft (R) Build Engine version 16.7.0+b89cb5fde for .NET Framework
Copyright (C) Microsoft Corporation. All rights reserved.

  Microsoft (R) C/C++ Optimizing Compiler Version 19.27.29111 for x86
  OFF64_T.c
  Copyright (C) Microsoft Corporation.  All rights reserved.
  cl /c /Zi /W1 /WX- /diagnostics:column /Od /Ob0 /Oy- /D WIN32 /D _WINDOWS /D _LARGEFILE64_SOURCE=1 /D HAVE_SYS_TYPES_H /D HAVE_STDINT_H /D HAVE_STDDEF_H /D "CMAKE_INTDIR=\"Debug\"" /D _MBCS /Gm- /RTC1 /MDd /GS /fp:precise /Zc:wchar_t /Zc:forScope /Zc:inline /Fo"cmTC_d5393.dir\Debug\\" /Fd"cmTC_d5393.dir\Debug\vc142.pdb" /Gd /TC /analyze- /errorReport:queue "C:\Users\naomi\Documents\GitHub\CG-HW\CG_homework1\CG_homework1\build\CMakeFiles\CheckTypeSize\OFF64_T.c"
C:\Users\naomi\Documents\GitHub\CG-HW\CG_homework1\CG_homework1\build\CMakeFiles\CheckTypeSize\OFF64_T.c(29,12): error C2065: 'off64_t': undeclared identifier [C:\Users\naomi\Documents\GitHub\CG-HW\CG_homework1\CG_homework1\build\CMakeFiles\CMakeTmp\cmTC_d5393.vcxproj]
C:\Users\naomi\Documents\GitHub\CG-HW\CG_homework1\CG_homework1\build\CMakeFiles\CheckTypeSize\OFF64_T.c(30,12): error C2065: 'off64_t': undeclared identifier [C:\Users\naomi\Documents\GitHub\CG-HW\CG_homework1\CG_homework1\build\CMakeFiles\CMakeTmp\cmTC_d5393.vcxproj]
C:\Users\naomi\Documents\GitHub\CG-HW\CG_homework1\CG_homework1\build\CMakeFiles\CheckTypeSize\OFF64_T.c(31,12): error C2065: 'off64_t': undeclared identifier [C:\Users\naomi\Documents\GitHub\CG-HW\CG_homework1\CG_homework1\build\CMakeFiles\CMakeTmp\cmTC_d5393.vcxproj]
C:\Users\naomi\Documents\GitHub\CG-HW\CG_homework1\CG_homework1\build\CMakeFiles\CheckTypeSize\OFF64_T.c(32,12): error C2065: 'off64_t': undeclared identifier [C:\Users\naomi\Documents\GitHub\CG-HW\CG_homework1\CG_homework1\build\CMakeFiles\CMakeTmp\cmTC_d5393.vcxproj]
C:\Users\naomi\Documents\GitHub\CG-HW\CG_homework1\CG_homework1\build\CMakeFiles\CheckTypeSize\OFF64_T.c(33,12): error C2065: 'off64_t': undeclared identifier [C:\Users\naomi\Documents\GitHub\CG-HW\CG_homework1\CG_homework1\build\CMakeFiles\CMakeTmp\cmTC_d5393.vcxproj]


C:/Users/naomi/Documents/GitHub/CG-HW/CG_homework1/CG_homework1/build/CMakeFiles/CheckTypeSize/OFF64_T.c:
#include <sys/types.h>
#include <stdint.h>
#include <stddef.h>


#undef KEY
#if defined(__i386)
# define KEY '_','_','i','3','8','6'
#elif defined(__x86_64)
# define KEY '_','_','x','8','6','_','6','4'
#elif defined(__PPC64__)
# define KEY '_','_','P','P','C','6','4','_','_'
#elif defined(__ppc64__)
# define KEY '_','_','p','p','c','6','4','_','_'
#elif defined(__PPC__)
# define KEY '_','_','P','P','C','_','_'
#elif defined(__ppc__)
# define KEY '_','_','p','p','c','_','_'
#elif defined(__aarch64__)
# define KEY '_','_','a','a','r','c','h','6','4','_','_'
#elif defined(__ARM_ARCH_7A__)
# define KEY '_','_','A','R','M','_','A','R','C','H','_','7','A','_','_'
#elif defined(__ARM_ARCH_7S__)
# define KEY '_','_','A','R','M','_','A','R','C','H','_','7','S','_','_'
#endif

#define SIZE (sizeof(off64_t))
static char info_size[] =  {'I', 'N', 'F', 'O', ':', 's','i','z','e','[',
  ('0' + ((SIZE / 10000)%10)),
  ('0' + ((SIZE / 1000)%10)),
  ('0' + ((SIZE / 100)%10)),
  ('0' + ((SIZE / 10)%10)),
  ('0' +  (SIZE    % 10)),
  ']',
#ifdef KEY
  ' ','k','e','y','[', KEY, ']',
#endif
  '\0'};

#ifdef __CLASSIC_C__
int main(argc, argv) int argc; char *argv[];
#else
int main(int argc, char *argv[])
#endif
{
  int require = 0;
  require += info_size[argc];
  (void)argv;
  return require;
}


Determining if the function fseeko exists failed with the following output:
Change Dir: C:/Users/naomi/Documents/GitHub/CG-HW/CG_homework1/CG_homework1/build/CMakeFiles/CMakeTmp

Run Build Command(s):C:/Program Files (x86)/Microsoft Visual Studio/2019/Community/MSBuild/Current/Bin/MSBuild.exe cmTC_6c89a.vcxproj /p:Configuration=Debug /p:Platform=Win32 /p:VisualStudioVersion=16.0 /v:m && Microsoft (R) Build Engine version 16.7.0+b89cb5fde for .NET Framework
Copyright (C) Microsoft Corporation. All rights reserved.

  Microsoft (R) C/C++ Optimizing Compiler Version 19.27.29111 for x86
  CheckFunctionExists.c
  Copyright (C) Microsoft Corporation.  All rights reserved.
  cl /c /Zi /W1 /WX- /diagnostics:column /Od /Ob0 /Oy- /D WIN32 /D _WINDOWS /D CHECK_FUNCTION_EXISTS=fseeko /D "CMAKE_INTDIR=\"Debug\"" /D _MBCS /Gm- /RTC1 /MDd /GS /fp:precise /Zc:wchar_t /Zc:forScope /Zc:inline /Fo"cmTC_6c89a.dir\Debug\\" /Fd"cmTC_6c89a.dir\Debug\vc142.pdb" /Gd /TC /analyze- /errorReport:queue "C:\Program Files (x86)\CMake\share\cmake-3.18\Modules\CheckFunctionExists.c"
CheckFunctionExists.obj : error LNK2019: unresolved external symbol _fseeko referenced in function _main [C:\Users\naomi\Documents\GitHub\CG-HW\CG_homework1\CG_homework1\build\CMakeFiles\CMakeTmp\cmTC_6c89a.vcxproj]
C:\Users\naomi\Documents\GitHub\CG-HW\CG_homework1\CG_homework1\build\CMakeFiles\CMakeTmp\Debug\cmTC_6c89a.exe : fatal error LNK1120: 1 unresolved externals [C:\Users\naomi\Documents\GitHub\CG-HW\CG_homework1\CG_homework1\build\CMakeFiles\CMakeTmp\cmTC_6c89a.vcxproj]



Determining if the include file unistd.h exists failed with the following output:
Change Dir: C:/Users/naomi/Documents/GitHub/CG-HW/CG_homework1/CG_homework1/build/CMakeFiles/CMakeTmp

Run Build Command(s):C:/Program Files (x86)/Microsoft Visual Studio/2019/Community/MSBuild/Current/Bin/MSBuild.exe cmTC_c4fd5.vcxproj /p:Configuration=Debug /p:Platform=Win32 /p:VisualStudioVersion=16.0 /v:m && Microsoft (R) Build Engine version 16.7.0+b89cb5fde for .NET Framework
Copyright (C) Microsoft Corporation. All rights reserved.

  Microsoft (R) C/C++ Optimizing Compiler Version 19.27.29111 for x86
  Copyright (C) Microsoft Corporation.  All rights reserved.
  CheckIncludeFile.c
  cl /c /Zi /W1 /WX- /diagnostics:column /Od /Ob0 /Oy- /D WIN32 /D _WINDOWS /D "CMAKE_INTDIR=\"Debug\"" /D _MBCS /Gm- /RTC1 /MDd /GS /fp:precise /Zc:wchar_t /Zc:forScope /Zc:inline /Fo"cmTC_c4fd5.dir\Debug\\" /Fd"cmTC_c4fd5.dir\Debug\vc142.pdb" /Gd /TC /analyze- /errorReport:queue "C:\Users\naomi\Documents\GitHub\CG-HW\CG_homework1\CG_homework1\build\CMakeFiles\CMakeTmp\CheckIncludeFile.c"
C:\Users\naomi\Documents\GitHub\CG-HW\CG_homework1\CG_homework1\build\CMakeFiles\CMakeTmp\CheckIncludeFile.c(1,10): fatal error C1083: Cannot open include file: 'unistd.h': No such file or directory [C:\Users\naomi\Documents\GitHub\CG-HW\CG_homework1\CG_homework1\build\CMakeFiles\CMakeTmp\cmTC_c4fd5.vcxproj]



